<?xml version="1.0" encoding="UTF-8"?>
<!-- Generated by org.testng.reporters.JUnitXMLReporter -->
<testsuite ignored="0" hostname="DESKTOP-D66ICP4" failures="1" tests="1" name="chrometest" time="0.133" errors="0" timestamp="2024-02-13T19:53:07 IST">
  <testcase classname="TestDetails.TestDetails" name="@BeforeTest cross_browser" time="0.023">
    <failure type="java.lang.NullPointerException" message="Cannot invoke &amp;quot;String.equalsIgnoreCase(String)&amp;quot; because &amp;quot;browser&amp;quot; is null">
      <![CDATA[java.lang.NullPointerException: Cannot invoke "String.equalsIgnoreCase(String)" because "browser" is null
at TestDetails.TestDetails.cross_browser(TestDetails.java:26)
... Removed 24 stack frames]]>
    </failure>
  </testcase> <!-- @BeforeTest cross_browser -->
  <testcase classname="TestDetails.TestDetails" name="test" time="0.0">
    <failure type="org.testng.TestNGException" message="
Cannot inject @Test annotated Method [test] with [class java.lang.String].
For more information on native dependency injection please refer to https://testng.org/doc/documentation-main.html#native-dependency-injection">
      <![CDATA[org.testng.TestNGException: 
Cannot inject @Test annotated Method [test] with [class java.lang.String].
For more information on native dependency injection please refer to https://testng.org/doc/documentation-main.html#native-dependency-injection
at java.base/java.util.ArrayList.forEach(ArrayList.java:1511)
... Removed 26 stack frames]]>
    </failure>
  </testcase> <!-- test -->
</testsuite> <!-- chrometest -->
